<?xml version="1.0" encoding="UTF-8"?>
<!-- Generated by org.testng.reporters.JUnitReportReporter -->
<testsuite hostname="DESKTOP-PSB8FHO" failures="0" tests="5" name="TestNG.dataProviderAnnotations" time="0.112" errors="0" timestamp="2023-04-09T15:26:12 IST" skipped="0">
  <testcase classname="TestNG.dataProviderAnnotations" name="TC1" time="0.014"/>
  <system-out/>
  <testcase classname="TestNG.dataProviderAnnotations" name="TC1" time="0.032"/>
  <system-out/>
  <testcase classname="TestNG.dataProviderAnnotations" name="TC1" time="0.058"/>
  <system-out/>
  <testcase classname="TestNG.dataProviderAnnotations" name="TC1" time="0.003"/>
  <system-out/>
  <testcase classname="TestNG.dataProviderAnnotations" name="TC1" time="0.005"/>
  <system-out/>
</testsuite> <!-- TestNG.dataProviderAnnotations -->
