<?xml version="1.0" encoding="UTF-8"?>
<!-- Generated by org.testng.reporters.JUnitReportReporter -->
<testsuite hostname="DESKTOP-PSB8FHO" failures="0" tests="1" name="TestNG.testNG" time="0.018" errors="0" timestamp="2023-03-30T22:12:32 IST" skipped="0">
  <testcase classname="TestNG.testNG" name="test" time="0.018"/>
  <system-out>
    <![CDATA[Running Test method
Running Test method]]>
  </system-out>
</testsuite> <!-- TestNG.testNG -->
