<?xml version="1.0" encoding="UTF-8"?>
<!-- Generated by org.testng.reporters.JUnitReportReporter -->
<testsuite hostname="DESKTOP-PSB8FHO" failures="0" tests="2" name="TestNG.MultiBrowserTesting" time="20.204" errors="0" timestamp="2023-04-03T18:24:43 IST" skipped="0">
  <testcase classname="TestNG.MultiBrowserTesting" name="TC1" time="11.775"/>
  <system-out/>
  <testcase classname="TestNG.MultiBrowserTesting" name="TC1" time="8.429"/>
  <system-out/>
</testsuite> <!-- TestNG.MultiBrowserTesting -->
