<?xml version="1.0" encoding="UTF-8"?>
<!-- Generated by org.testng.reporters.JUnitReportReporter -->
<testsuite hostname="DESKTOP-PSB8FHO" failures="0" tests="4" name="TestNG.sample2" time="0.024" errors="0" timestamp="2023-04-02T18:01:01 IST" skipped="0">
  <testcase classname="TestNG.sample2" name="TC4" time="0.004"/>
  <system-out>
    <![CDATA[running TC4]]>
  </system-out>
  <testcase classname="TestNG.sample2" name="TC6" time="0.004"/>
  <system-out>
    <![CDATA[running TC6]]>
  </system-out>
  <testcase classname="TestNG.sample2" name="TC5" time="0.013"/>
  <system-out>
    <![CDATA[running TC5]]>
  </system-out>
  <testcase classname="TestNG.sample2" name="TC7" time="0.003"/>
  <system-out>
    <![CDATA[running TC7]]>
  </system-out>
</testsuite> <!-- TestNG.sample2 -->
