<?xml version="1.0" encoding="UTF-8"?>
<!-- Generated by org.testng.reporters.JUnitReportReporter -->
<testsuite hostname="DESKTOP-PSB8FHO" failures="0" tests="2" name="TestNG.TestNG_Annotations" time="0.024" errors="0" timestamp="2023-03-31T00:11:42 IST" skipped="0">
  <testcase classname="TestNG.TestNG_Annotations" name="verifyUN" time="0.007"/>
  <system-out/>
  <testcase classname="TestNG.TestNG_Annotations" name="verifyPWD" time="0.017"/>
  <system-out/>
</testsuite> <!-- TestNG.TestNG_Annotations -->
