<?xml version="1.0" encoding="UTF-8"?>
<!-- Generated by org.testng.reporters.JUnitReportReporter -->
<testsuite hostname="DESKTOP-PSB8FHO" failures="0" tests="1" name="TestNG.Log4jExample" time="5.419" errors="0" timestamp="2023-04-22T01:01:26 IST" skipped="0">
  <testcase classname="TestNG.Log4jExample" name="TC1" time="5.419"/>
  <system-out/>
</testsuite> <!-- TestNG.Log4jExample -->
