<?xml version="1.0" encoding="UTF-8"?>
<!-- Generated by org.testng.reporters.JUnitReportReporter -->
<testsuite hostname="DESKTOP-PSB8FHO" failures="0" tests="2" name="TestNG.TestNG_Group" time="0.028" errors="0" timestamp="2023-04-02T20:40:00 IST" skipped="0">
  <testcase classname="TestNG.TestNG_Group" name="TC1" time="0.022"/>
  <system-out>
    <![CDATA[running TC1]]>
  </system-out>
  <testcase classname="TestNG.TestNG_Group" name="TC5" time="0.006"/>
  <system-out>
    <![CDATA[running TC5]]>
  </system-out>
</testsuite> <!-- TestNG.TestNG_Group -->
