<?xml version="1.0" encoding="UTF-8"?>
<!-- Generated by org.testng.reporters.JUnitReportReporter -->
<testsuite hostname="DESKTOP-PSB8FHO" failures="0" tests="3" name="TestNG.sample3" time="0.018" errors="0" timestamp="2023-04-02T18:01:01 IST" skipped="0">
  <testcase classname="TestNG.sample3" name="TC10" time="0.003"/>
  <system-out>
    <![CDATA[running TC10]]>
  </system-out>
  <testcase classname="TestNG.sample3" name="TC8" time="0.003"/>
  <system-out>
    <![CDATA[running TC8]]>
  </system-out>
  <testcase classname="TestNG.sample3" name="TC9" time="0.012"/>
  <system-out>
    <![CDATA[running TC9]]>
  </system-out>
</testsuite> <!-- TestNG.sample3 -->
