<?xml version="1.0" encoding="UTF-8"?>
<!-- Generated by org.testng.reporters.JUnitReportReporter -->
<testsuite hostname="DESKTOP-PSB8FHO" failures="0" tests="1" name="TestNG.Parallel2" time="11.212" errors="0" timestamp="2023-04-02T20:04:44 IST" skipped="0">
  <testcase classname="TestNG.Parallel2" name="TC1" time="11.212"/>
  <system-out/>
</testsuite> <!-- TestNG.Parallel2 -->
