<?xml version="1.0" encoding="UTF-8"?>
<!-- Generated by org.testng.reporters.JUnitReportReporter -->
<testsuite hostname="DESKTOP-PSB8FHO" failures="0" tests="1" name="TestNG.Parallel1" time="8.610" errors="0" timestamp="2023-04-19T23:58:05 IST" skipped="0">
  <testcase classname="TestNG.Parallel1" name="TC1" time="8.610"/>
  <system-out/>
</testsuite> <!-- TestNG.Parallel1 -->
